#
# A fatal error has been detected by the Java Runtime Environment:
#
#  SIGSEGV (0xb) at pc=0x0000000106432d10, pid=54389, tid=18947
#
# JRE version: Java(TM) SE Runtime Environment (8.0_45-b14) (build 1.8.0_45-b14)
# Java VM: Java HotSpot(TM) 64-Bit Server VM (25.45-b02 mixed mode bsd-amd64 compressed oops)
# Problematic frame:
# V  [libjvm.dylib+0x432d10]  Method::checked_resolve_jmethod_id(_jmethodID*)+0xe
#
# Failed to write core dump. Core dumps have been disabled. To enable core dumping, try "ulimit -c unlimited" before starting Java again
#
# If you would like to submit a bug report, please visit:
#   http://bugreport.java.com/bugreport/crash.jsp
#

---------------  T H R E A D  ---------------

Current thread (0x00007ff97381e800):  JavaThread "JDWP Transport Listener: dt_socket" daemon [_thread_in_vm, id=18947, stack(0x0000700000ec4000,0x0000700000fc4000)]

siginfo: si_signo: 11 (SIGSEGV), si_code: 0 (unknown), si_addr: 0x0000000000000000

Registers:
RAX=0x0000000000000001, RBX=0x0000700000fc3a8b, RCX=0x00000001067fa190, RDX=0x0000700000fc3a8b
RSP=0x0000700000fc39d0, RBP=0x0000700000fc39e0, RSI=0x00007ff97381e800, RDI=0x2f74646a2f657370
R8 =0x0000000000000003, R9 =0x0000000000000000, R10=0x0000000000000004, R11=0x00007ff972500000
R12=0x00007ff97381e800, R13=0x2f74646a2f657370, R14=0x2f74646a2f657370, R15=0x00007ff972502c00
RIP=0x0000000106432d10, EFLAGS=0x0000000000010202, ERR=0x0000000000000000
  TRAPNO=0x000000000000000d

Top of Stack: (sp=0x0000700000fc39d0)
0x0000700000fc39d0:   0000700000fc3a8b 0000700000fc3a8b
0x0000700000fc39e0:   0000700000fc3a40 00000001063430d6
0x0000700000fc39f0:   00007ff97381e800 0000000000000000
0x0000700000fc3a00:   0000000000000000 0000000000000000
0x0000700000fc3a10:   00007ff97381e800 00007ff97381e800
0x0000700000fc3a20:   0000700000fc3a8b 0000700000fc3a90
0x0000700000fc3a30:   2f74646a2f657370 0000000000000018
0x0000700000fc3a40:   0000700000fc3a60 0000000104ec8780
0x0000700000fc3a50:   0000000000000001 0000700000fc3b08
0x0000700000fc3a60:   0000700000fc3ad0 0000000104ead1f3
0x0000700000fc3a70:   0000700000fc3aa0 00007ff9725895a0
0x0000700000fc3a80:   0000002100000032 0000000200fc3b08
0x0000700000fc3a90:   0000000000000000 0000000000000000
0x0000700000fc3aa0:   0000000000000000 0000700000fc3c90
0x0000700000fc3ab0:   0000000104ecfe7a 00007ff974a65060
0x0000700000fc3ac0:   0000700000fc3b08 0000000104edb598
0x0000700000fc3ad0:   0000700000fc3ae0 0000000104ead2ec
0x0000700000fc3ae0:   0000700000fc3d00 0000000104eb6898
0x0000700000fc3af0:   0000083b00000013 00000000000f0200
0x0000700000fc3b00:   00007ff974a55690 00007ff97395e6fa
0x0000700000fc3b10:   00007ff900000666 00007ff972589900
0x0000700000fc3b20:   000000000000012c 0000700000fc3b58
0x0000700000fc3b30:   00007ff9725898e0 0000000000000000
0x0000700000fc3b40:   0000083b0000000b 00007fff0000d380
0x0000700000fc3b50:   0000700000fc3b58 f97f000021000000
0x0000700000fc3b60:   1100000008c16272 61746e6f43746567
0x0000700000fc3b70:   6361745372656e69 4c2928130000006b
0x0000700000fc3b80:   6974752f6176616a 3b65757165442f6c
0x0000700000fc3b90:   6a4c292846000000 6c6974752f617661
0x0000700000fc3ba0:   4c3c65757165442f 736f6f6d2f67726f
0x0000700000fc3bb0:   6c6f6e6863657465 65646f6d2f79676f
0x0000700000fc3bc0:   2f78696d61662f6c 656e6961746e6f43 

Instructions: (pc=0x0000000106432d10)
0x0000000106432cf0:   40 48 48 85 c0 75 e0 30 c0 0f b6 c0 5d c3 31 c0
0x0000000106432d00:   5d c3 55 48 89 e5 53 48 83 ec 08 48 85 ff 74 24
0x0000000106432d10:   48 8b 1f 48 85 db 74 1c 48 83 fb 37 74 16 48 8b
0x0000000106432d20:   03 48 89 df ff 50 10 84 c0 b8 00 00 00 00 48 0f 

Register to memory mapping:

RAX=0x0000000000000001 is an unknown value
RBX=0x0000700000fc3a8b is pointing into the stack for thread: 0x00007ff97381e800
RCX=0x00000001067fa190: UseMembar+0 in /Library/Java/JavaVirtualMachines/jdk1.8.0_45.jdk/Contents/Home/jre/lib/server/libjvm.dylib at 0x0000000106000000
RDX=0x0000700000fc3a8b is pointing into the stack for thread: 0x00007ff97381e800
RSP=0x0000700000fc39d0 is pointing into the stack for thread: 0x00007ff97381e800
RBP=0x0000700000fc39e0 is pointing into the stack for thread: 0x00007ff97381e800
RSI=0x00007ff97381e800 is a thread
RDI=0x2f74646a2f657370 is an unknown value
R8 =0x0000000000000003 is an unknown value
R9 =0x0000000000000000 is an unknown value
R10=0x0000000000000004 is an unknown value
R11=0x00007ff972500000 is an unknown value
R12=0x00007ff97381e800 is a thread
R13=0x2f74646a2f657370 is an unknown value
R14=0x2f74646a2f657370 is an unknown value
R15=0x00007ff972502c00 is an unknown value


Stack: [0x0000700000ec4000,0x0000700000fc4000],  sp=0x0000700000fc39d0,  free space=1022k
Native frames: (J=compiled Java code, j=interpreted, Vv=VM code, C=native code)
V  [libjvm.dylib+0x432d10]  Method::checked_resolve_jmethod_id(_jmethodID*)+0xe
V  [libjvm.dylib+0x3430d6]  jvmti_IsMethodSynthetic+0xb2
C  [libjdwp.dylib+0x20780]  isMethodSynthetic+0x63
C  [libjdwp.dylib+0x51f3]  methods1+0x10b
C  [libjdwp.dylib+0x52ec]  methodsWithGeneric+0xe
C  [libjdwp.dylib+0xe898]  debugLoop_run+0x1ce
C  [libjdwp.dylib+0x1f6ba]  attachThread+0x4d
V  [libjvm.dylib+0x38401c]  JvmtiAgentThread::call_start_function()+0x38
V  [libjvm.dylib+0x549acf]  JavaThread::thread_main_inner()+0x9b
V  [libjvm.dylib+0x54b1c0]  JavaThread::run()+0x1c2
V  [libjvm.dylib+0x46ea7e]  java_start(Thread*)+0xf6
C  [libsystem_pthread.dylib+0x3c13]  _pthread_body+0x83
C  [libsystem_pthread.dylib+0x3b90]  _pthread_body+0x0
C  [libsystem_pthread.dylib+0x1375]  thread_start+0xd
C  0x0000000000000000


---------------  P R O C E S S  ---------------

Java Threads: ( => current thread )
  0x00007ff9728a3800 JavaThread "ReaderThread" [_thread_in_native, id=23555, stack(0x00007000017df000,0x00007000018df000)]
  0x00007ff972833000 JavaThread "Service Thread" daemon [_thread_blocked, id=22531, stack(0x00007000015d9000,0x00007000016d9000)]
  0x00007ff973047800 JavaThread "C1 CompilerThread3" daemon [_thread_blocked, id=22019, stack(0x00007000014d6000,0x00007000015d6000)]
  0x00007ff972832800 JavaThread "C2 CompilerThread2" daemon [_thread_blocked, id=21507, stack(0x00007000013d3000,0x00007000014d3000)]
  0x00007ff972830000 JavaThread "C2 CompilerThread1" daemon [_thread_blocked, id=20995, stack(0x00007000012d0000,0x00007000013d0000)]
  0x00007ff97381d800 JavaThread "C2 CompilerThread0" daemon [_thread_blocked, id=20483, stack(0x00007000011cd000,0x00007000012cd000)]
  0x00007ff97300b000 JavaThread "JDWP Command Reader" daemon [_thread_in_native, id=19971, stack(0x00007000010ca000,0x00007000011ca000)]
  0x00007ff973820000 JavaThread "JDWP Event Helper Thread" daemon [_thread_blocked, id=19459, stack(0x0000700000fc7000,0x00007000010c7000)]
=>0x00007ff97381e800 JavaThread "JDWP Transport Listener: dt_socket" daemon [_thread_in_vm, id=18947, stack(0x0000700000ec4000,0x0000700000fc4000)]
  0x00007ff973806000 JavaThread "Signal Dispatcher" daemon [_thread_blocked, id=16143, stack(0x0000700000dc1000,0x0000700000ec1000)]
  0x00007ff97282e800 JavaThread "Finalizer" daemon [_thread_blocked, id=14339, stack(0x0000700000c3b000,0x0000700000d3b000)]
  0x00007ff97282d800 JavaThread "Reference Handler" daemon [_thread_blocked, id=13827, stack(0x0000700000b38000,0x0000700000c38000)]
  0x00007ff973809800 JavaThread "main" [_thread_blocked, id=5891, stack(0x000070000011a000,0x000070000021a000)]

Other Threads:
  0x00007ff975805800 VMThread [stack: 0x0000700000a35000,0x0000700000b35000] [id=13315]
  0x00007ff975811000 WatcherThread [stack: 0x00007000016dc000,0x00007000017dc000] [id=23043]

VM state:not at safepoint (normal execution)

VM Mutex/Monitor currently owned by a thread: None

Heap:
 PSYoungGen      total 76288K, used 32152K [0x000000076ab00000, 0x0000000770000000, 0x00000007c0000000)
  eden space 65536K, 32% used [0x000000076ab00000,0x000000076bfed0f8,0x000000076eb00000)
  from space 10752K, 99% used [0x000000076eb00000,0x000000076f579170,0x000000076f580000)
  to   space 10752K, 0% used [0x000000076f580000,0x000000076f580000,0x0000000770000000)
 ParOldGen       total 175104K, used 478K [0x00000006c0000000, 0x00000006cab00000, 0x000000076ab00000)
  object space 175104K, 0% used [0x00000006c0000000,0x00000006c0077b30,0x00000006cab00000)
 Metaspace       used 14321K, capacity 14520K, committed 14720K, reserved 1062912K
  class space    used 1468K, capacity 1546K, committed 1664K, reserved 1048576K

Card table byte_map: [0x0000000116329000,0x0000000116b2a000] byte_map_base: 0x0000000112d29000

Marking Bits: (ParMarkBitMap*) 0x00000001068c27a0
 Begin Bits: [0x0000000117080000, 0x000000011b080000)
 End Bits:   [0x000000011b080000, 0x000000011f080000)

Polling page: 0x0000000104ea7000

CodeCache: size=245760Kb used=4669Kb max_used=4669Kb free=241090Kb
 bounds [0x0000000106f69000, 0x0000000107409000, 0x0000000115f69000]
 total_blobs=1612 nmethods=1266 adapters=268
 compilation: enabled

Compilation events (10 events):
Event: 1.285 Thread 0x00007ff973047800 1267       3       java.lang.invoke.MemberName::getReferenceKind (12 bytes)
Event: 1.285 Thread 0x00007ff973047800 nmethod 1267 0x00000001073ed8d0 code [0x00000001073eda20, 0x00000001073edb70]
Event: 1.285 Thread 0x00007ff973047800 1268       3       java.util.Collections$UnmodifiableCollection$1::hasNext (10 bytes)
Event: 1.285 Thread 0x00007ff973047800 nmethod 1268 0x00000001073f8450 code [0x00000001073f85c0, 0x00000001073f87e8]
Event: 5.615 Thread 0x00007ff973047800 1270       3       jdk.internal.org.objectweb.asm.ByteVector::enlarge (51 bytes)
Event: 5.615 Thread 0x00007ff973047800 nmethod 1270 0x00000001073f8a10 code [0x00000001073f8b80, 0x00000001073f8ea8]
Event: 5.615 Thread 0x00007ff973047800 1271   !   3       java.lang.invoke.LambdaForm::compileToBytecode (103 bytes)
Event: 5.616 Thread 0x00007ff973047800 nmethod 1271 0x00000001073f9110 code [0x00000001073f9340, 0x00000001073f9c78]
Event: 5.616 Thread 0x00007ff973047800 1272       3       java.lang.invoke.LambdaForm::methodType (8 bytes)
Event: 5.616 Thread 0x00007ff973047800 nmethod 1272 0x00000001073fa210 code [0x00000001073fa380, 0x00000001073fa5b8]

GC Heap History (2 events):
Event: 1.030 GC heap before
{Heap before GC invocations=1 (full 0):
 PSYoungGen      total 76288K, used 65536K [0x000000076ab00000, 0x0000000770000000, 0x00000007c0000000)
  eden space 65536K, 100% used [0x000000076ab00000,0x000000076eb00000,0x000000076eb00000)
  from space 10752K, 0% used [0x000000076f580000,0x000000076f580000,0x0000000770000000)
  to   space 10752K, 0% used [0x000000076eb00000,0x000000076eb00000,0x000000076f580000)
 ParOldGen       total 175104K, used 0K [0x00000006c0000000, 0x00000006cab00000, 0x000000076ab00000)
  object space 175104K, 0% used [0x00000006c0000000,0x00000006c0000000,0x00000006cab00000)
 Metaspace       used 11315K, capacity 11454K, committed 11776K, reserved 1060864K
  class space    used 1162K, capacity 1183K, committed 1280K, reserved 1048576K
Event: 1.038 GC heap after
Heap after GC invocations=1 (full 0):
 PSYoungGen      total 76288K, used 10724K [0x000000076ab00000, 0x0000000770000000, 0x00000007c0000000)
  eden space 65536K, 0% used [0x000000076ab00000,0x000000076ab00000,0x000000076eb00000)
  from space 10752K, 99% used [0x000000076eb00000,0x000000076f579170,0x000000076f580000)
  to   space 10752K, 0% used [0x000000076f580000,0x000000076f580000,0x0000000770000000)
 ParOldGen       total 175104K, used 478K [0x00000006c0000000, 0x00000006cab00000, 0x000000076ab00000)
  object space 175104K, 0% used [0x00000006c0000000,0x00000006c0077b30,0x00000006cab00000)
 Metaspace       used 11315K, capacity 11454K, committed 11776K, reserved 1060864K
  class space    used 1162K, capacity 1183K, committed 1280K, reserved 1048576K
}

Deoptimization events (10 events):
Event: 0.612 Thread 0x00007ff973809800 Uncommon trap: reason=unstable_if action=reinterpret pc=0x0000000107206c64 method=sun.misc.URLClassPath.getLoader(I)Lsun/misc/URLClassPath$Loader; @ 36
Event: 0.612 Thread 0x00007ff973809800 Uncommon trap: reason=unstable_if action=reinterpret pc=0x00000001072055f8 method=sun.misc.URLClassPath.getLoader(I)Lsun/misc/URLClassPath$Loader; @ 36
Event: 0.612 Thread 0x00007ff973809800 Uncommon trap: reason=unstable_if action=reinterpret pc=0x00000001072508cc method=sun.misc.MetaIndex.mayContain(Ljava/lang/String;)Z @ 13
Event: 0.736 Thread 0x00007ff973809800 Uncommon trap: reason=unstable_if action=reinterpret pc=0x000000010718fe78 method=java.lang.String.replace(CC)Ljava/lang/String; @ 26
Event: 1.146 Thread 0x00007ff973809800 Uncommon trap: reason=bimorphic action=maybe_recompile pc=0x00000001072c4680 method=java.util.Hashtable.put(Ljava/lang/Object;Ljava/lang/Object;)Ljava/lang/Object; @ 18
Event: 1.224 Thread 0x00007ff973809800 Uncommon trap: reason=unstable_if action=reinterpret pc=0x000000010738afe8 method=sun.util.calendar.BaseCalendar.getFixedDate(IIILsun/util/calendar/BaseCalendar$Date;)J @ 103
Event: 1.224 Thread 0x00007ff973809800 Uncommon trap: reason=unstable_if action=reinterpret pc=0x000000010739b370 method=sun.util.calendar.BaseCalendar.getCalendarDateFromFixedDate(Lsun/util/calendar/CalendarDate;J)V @ 110
Event: 1.224 Thread 0x00007ff973809800 Uncommon trap: reason=unstable_if action=reinterpret pc=0x00000001073817f4 method=sun.util.calendar.BaseCalendar.getFixedDate(IIILsun/util/calendar/BaseCalendar$Date;)J @ 103
Event: 1.234 Thread 0x00007ff973809800 Uncommon trap: reason=unstable_if action=reinterpret pc=0x0000000107177960 method=java.lang.String.lastIndexOf([CII[CIII)I @ 66
Event: 1.277 Thread 0x00007ff973809800 Uncommon trap: reason=unstable_if action=reinterpret pc=0x000000010721ca9c method=java.util.Arrays.equals([B[B)Z @ 2

Internal exceptions (10 events):
Event: 0.468 Thread 0x00007ff973809800 Exception <a 'java/lang/ArrayIndexOutOfBoundsException': 70> (0x000000076c046150) thrown at [/Users/java_re/workspace/8-2-build-macosx-x86_64/jdk8u45/3457/hotspot/src/share/vm/interpreter/interpreterRuntime.cpp, line 366]
Event: 0.472 Thread 0x00007ff973809800 Exception <a 'java/lang/ArrayIndexOutOfBoundsException': 69> (0x000000076c077750) thrown at [/Users/java_re/workspace/8-2-build-macosx-x86_64/jdk8u45/3457/hotspot/src/share/vm/interpreter/interpreterRuntime.cpp, line 366]
Event: 0.612 Thread 0x00007ff973809800 Exception <a 'java/security/PrivilegedActionException'> (0x000000076cb5b0e8) thrown at [/Users/java_re/workspace/8-2-build-macosx-x86_64/jdk8u45/3457/hotspot/src/share/vm/prims/jvm.cpp, line 1382]
Event: 0.612 Thread 0x00007ff973809800 Exception <a 'java/security/PrivilegedActionException'> (0x000000076cb5b430) thrown at [/Users/java_re/workspace/8-2-build-macosx-x86_64/jdk8u45/3457/hotspot/src/share/vm/prims/jvm.cpp, line 1382]
Event: 0.613 Thread 0x00007ff973809800 Exception <a 'java/security/PrivilegedActionException'> (0x000000076cb5e940) thrown at [/Users/java_re/workspace/8-2-build-macosx-x86_64/jdk8u45/3457/hotspot/src/share/vm/prims/jvm.cpp, line 1382]
Event: 0.613 Thread 0x00007ff973809800 Exception <a 'java/security/PrivilegedActionException'> (0x000000076cb5ec88) thrown at [/Users/java_re/workspace/8-2-build-macosx-x86_64/jdk8u45/3457/hotspot/src/share/vm/prims/jvm.cpp, line 1382]
Event: 0.763 Thread 0x00007ff973809800 Exception <a 'java/io/FileNotFoundException'> (0x000000076d691da8) thrown at [/Users/java_re/workspace/8-2-build-macosx-x86_64/jdk8u45/3457/hotspot/src/share/vm/prims/jni.cpp, line 709]
Event: 0.983 Thread 0x00007ff973809800 Exception <a 'java/lang/ArrayIndexOutOfBoundsException': 242> (0x000000076e52bbb8) thrown at [/Users/java_re/workspace/8-2-build-macosx-x86_64/jdk8u45/3457/hotspot/src/share/vm/interpreter/interpreterRuntime.cpp, line 366]
Event: 1.264 Thread 0x00007ff973809800 Exception <a 'java/lang/NoSuchFieldError': method resolution failed> (0x000000076bde4fd8) thrown at [/Users/java_re/workspace/8-2-build-macosx-x86_64/jdk8u45/3457/hotspot/src/share/vm/prims/methodHandles.cpp, line 1125]
Event: 1.268 Thread 0x00007ff973809800 Exception <a 'java/lang/NoSuchFieldError': method resolution failed> (0x000000076bdf3908) thrown at [/Users/java_re/workspace/8-2-build-macosx-x86_64/jdk8u45/3457/hotspot/src/share/vm/prims/methodHandles.cpp, line 1125]

Events (10 events):
Event: 76.249 Executing VM operation: RedefineClasses
Event: 76.256 Executing VM operation: RedefineClasses done
Event: 76.292 Executing VM operation: EnterInterpOnlyMode
Event: 76.292 Executing VM operation: EnterInterpOnlyMode done
Event: 76.292 Executing VM operation: GetCurrentLocation
Event: 76.292 Executing VM operation: GetCurrentLocation done
Event: 76.292 Executing VM operation: ChangeSingleStep
Event: 76.292 Executing VM operation: ChangeSingleStep done
Event: 76.293 Executing VM operation: ChangeSingleStep
Event: 76.293 Executing VM operation: ChangeSingleStep done


Dynamic libraries:
0x000000000aeac000 	/System/Library/Frameworks/Cocoa.framework/Versions/A/Cocoa
0x000000000aeac000 	/System/Library/Frameworks/Security.framework/Versions/A/Security
0x000000000aeac000 	/System/Library/Frameworks/ApplicationServices.framework/Versions/A/ApplicationServices
0x000000000aeac000 	/usr/lib/libz.1.dylib
0x000000000aeac000 	/usr/lib/libSystem.B.dylib
0x000000000aeac000 	/usr/lib/libobjc.A.dylib
0x000000000aeac000 	/System/Library/Frameworks/CoreFoundation.framework/Versions/A/CoreFoundation
0x000000000aeac000 	/System/Library/Frameworks/Foundation.framework/Versions/C/Foundation
0x000000000aeac000 	/System/Library/Frameworks/AppKit.framework/Versions/C/AppKit
0x000000000aeac000 	/System/Library/Frameworks/CoreData.framework/Versions/A/CoreData
0x000000000aeac000 	/System/Library/PrivateFrameworks/RemoteViewServices.framework/Versions/A/RemoteViewServices
0x000000000aeac000 	/System/Library/PrivateFrameworks/UIFoundation.framework/Versions/A/UIFoundation
0x000000000aeac000 	/usr/lib/libScreenReader.dylib
0x000000000aeac000 	/System/Library/Frameworks/Accelerate.framework/Versions/A/Accelerate
0x000000000aeac000 	/System/Library/Frameworks/IOSurface.framework/Versions/A/IOSurface
0x000000000aeac000 	/System/Library/Frameworks/AudioToolbox.framework/Versions/A/AudioToolbox
0x000000000aeac000 	/System/Library/Frameworks/AudioUnit.framework/Versions/A/AudioUnit
0x000000000aeac000 	/System/Library/PrivateFrameworks/DataDetectorsCore.framework/Versions/A/DataDetectorsCore
0x000000000aeac000 	/System/Library/PrivateFrameworks/DesktopServicesPriv.framework/Versions/A/DesktopServicesPriv
0x000000000aeac000 	/System/Library/Frameworks/Carbon.framework/Versions/A/Frameworks/HIToolbox.framework/Versions/A/HIToolbox
0x000000000aeac000 	/System/Library/Frameworks/QuartzCore.framework/Versions/A/QuartzCore
0x000000000aeac000 	/System/Library/Frameworks/Carbon.framework/Versions/A/Frameworks/SpeechRecognition.framework/Versions/A/SpeechRecognition
0x000000000aeac000 	/usr/lib/libauto.dylib
0x000000000aeac000 	/usr/lib/libicucore.A.dylib
0x000000000aeac000 	/usr/lib/libxml2.2.dylib
0x000000000aeac000 	/System/Library/PrivateFrameworks/CoreUI.framework/Versions/A/CoreUI
0x000000000aeac000 	/System/Library/Frameworks/CoreAudio.framework/Versions/A/CoreAudio
0x000000000aeac000 	/System/Library/Frameworks/DiskArbitration.framework/Versions/A/DiskArbitration
0x000000000aeac000 	/usr/lib/liblangid.dylib
0x000000000aeac000 	/System/Library/PrivateFrameworks/MultitouchSupport.framework/Versions/A/MultitouchSupport
0x000000000aeac000 	/System/Library/Frameworks/IOKit.framework/Versions/A/IOKit
0x000000000aeac000 	/usr/lib/libDiagnosticMessagesClient.dylib
0x000000000aeac000 	/System/Library/Frameworks/CoreServices.framework/Versions/A/CoreServices
0x000000000aeac000 	/System/Library/PrivateFrameworks/PerformanceAnalysis.framework/Versions/A/PerformanceAnalysis
0x000000000aeac000 	/System/Library/PrivateFrameworks/GenerationalStorage.framework/Versions/A/GenerationalStorage
0x000000000aeac000 	/System/Library/Frameworks/OpenGL.framework/Versions/A/OpenGL
0x000000000aeac000 	/System/Library/PrivateFrameworks/Sharing.framework/Versions/A/Sharing
0x000000000aeac000 	/System/Library/Frameworks/CoreGraphics.framework/Versions/A/CoreGraphics
0x000000000aeac000 	/System/Library/Frameworks/CoreImage.framework/Versions/A/CoreImage
0x000000000aeac000 	/System/Library/Frameworks/CoreText.framework/Versions/A/CoreText
0x000000000aeac000 	/System/Library/Frameworks/ImageIO.framework/Versions/A/ImageIO
0x000000000aeac000 	/System/Library/PrivateFrameworks/Backup.framework/Versions/A/Backup
0x000000000aeac000 	/usr/lib/libextension.dylib
0x000000000aeac000 	/usr/lib/libarchive.2.dylib
0x000000000aeac000 	/System/Library/Frameworks/CFNetwork.framework/Versions/A/CFNetwork
0x000000000aeac000 	/System/Library/Frameworks/SystemConfiguration.framework/Versions/A/SystemConfiguration
0x000000000aeac000 	/usr/lib/libCRFSuite.dylib
0x000000000aeac000 	/usr/lib/libc++.1.dylib
0x000000000aeac000 	/usr/lib/libc++abi.dylib
0x000000000aeac000 	/usr/lib/system/libcache.dylib
0x000000000aeac000 	/usr/lib/system/libcommonCrypto.dylib
0x000000000aeac000 	/usr/lib/system/libcompiler_rt.dylib
0x000000000aeac000 	/usr/lib/system/libcopyfile.dylib
0x000000000aeac000 	/usr/lib/system/libcorecrypto.dylib
0x000000000aeac000 	/usr/lib/system/libdispatch.dylib
0x000000000aeac000 	/usr/lib/system/libdyld.dylib
0x000000000aeac000 	/usr/lib/system/libkeymgr.dylib
0x000000000aeac000 	/usr/lib/system/liblaunch.dylib
0x000000000aeac000 	/usr/lib/system/libmacho.dylib
0x000000000aeac000 	/usr/lib/system/libquarantine.dylib
0x000000000aeac000 	/usr/lib/system/libremovefile.dylib
0x000000000aeac000 	/usr/lib/system/libsystem_asl.dylib
0x000000000aeac000 	/usr/lib/system/libsystem_blocks.dylib
0x000000000aeac000 	/usr/lib/system/libsystem_c.dylib
0x000000000aeac000 	/usr/lib/system/libsystem_configuration.dylib
0x000000000aeac000 	/usr/lib/system/libsystem_coreservices.dylib
0x000000000aeac000 	/usr/lib/system/libsystem_coretls.dylib
0x000000000aeac000 	/usr/lib/system/libsystem_dnssd.dylib
0x000000000aeac000 	/usr/lib/system/libsystem_info.dylib
0x000000000aeac000 	/usr/lib/system/libsystem_kernel.dylib
0x000000000aeac000 	/usr/lib/system/libsystem_m.dylib
0x000000000aeac000 	/usr/lib/system/libsystem_malloc.dylib
0x000000000aeac000 	/usr/lib/system/libsystem_network.dylib
0x000000000aeac000 	/usr/lib/system/libsystem_networkextension.dylib
0x000000000aeac000 	/usr/lib/system/libsystem_notify.dylib
0x000000000aeac000 	/usr/lib/system/libsystem_platform.dylib
0x000000000aeac000 	/usr/lib/system/libsystem_pthread.dylib
0x000000000aeac000 	/usr/lib/system/libsystem_sandbox.dylib
0x000000000aeac000 	/usr/lib/system/libsystem_secinit.dylib
0x000000000aeac000 	/usr/lib/system/libsystem_trace.dylib
0x000000000aeac000 	/usr/lib/system/libunc.dylib
0x000000000aeac000 	/usr/lib/system/libunwind.dylib
0x000000000aeac000 	/usr/lib/system/libxpc.dylib
0x000000000aeac000 	/usr/lib/libenergytrace.dylib
0x000000000aeac000 	/usr/lib/libbsm.0.dylib
0x000000000aeac000 	/usr/lib/system/libkxld.dylib
0x000000000aeac000 	/usr/lib/libxar.1.dylib
0x000000000aeac000 	/usr/lib/libsqlite3.dylib
0x000000000aeac000 	/usr/lib/libpam.2.dylib
0x000000000aeac000 	/usr/lib/libOpenScriptingUtil.dylib
0x000000000aeac000 	/usr/lib/libbz2.1.0.dylib
0x000000000aeac000 	/usr/lib/liblzma.5.dylib
0x000000000aeac000 	/System/Library/Frameworks/CoreServices.framework/Versions/A/Frameworks/FSEvents.framework/Versions/A/FSEvents
0x000000000aeac000 	/System/Library/Frameworks/CoreServices.framework/Versions/A/Frameworks/CarbonCore.framework/Versions/A/CarbonCore
0x000000000aeac000 	/System/Library/Frameworks/CoreServices.framework/Versions/A/Frameworks/Metadata.framework/Versions/A/Metadata
0x000000000aeac000 	/System/Library/Frameworks/CoreServices.framework/Versions/A/Frameworks/OSServices.framework/Versions/A/OSServices
0x000000000aeac000 	/System/Library/Frameworks/CoreServices.framework/Versions/A/Frameworks/SearchKit.framework/Versions/A/SearchKit
0x000000000aeac000 	/System/Library/Frameworks/CoreServices.framework/Versions/A/Frameworks/AE.framework/Versions/A/AE
0x000000000aeac000 	/System/Library/Frameworks/CoreServices.framework/Versions/A/Frameworks/LaunchServices.framework/Versions/A/LaunchServices
0x000000000aeac000 	/System/Library/Frameworks/CoreServices.framework/Versions/A/Frameworks/DictionaryServices.framework/Versions/A/DictionaryServices
0x000000000aeac000 	/System/Library/Frameworks/CoreServices.framework/Versions/A/Frameworks/SharedFileList.framework/Versions/A/SharedFileList
0x000000000aeac000 	/System/Library/Frameworks/NetFS.framework/Versions/A/NetFS
0x000000000aeac000 	/System/Library/PrivateFrameworks/NetAuth.framework/Versions/A/NetAuth
0x000000000aeac000 	/System/Library/PrivateFrameworks/login.framework/Versions/A/Frameworks/loginsupport.framework/Versions/A/loginsupport
0x000000000aeac000 	/System/Library/PrivateFrameworks/TCC.framework/Versions/A/TCC
0x000000000aeac000 	/usr/lib/libmecabra.dylib
0x000000000aeac000 	/System/Library/Frameworks/ApplicationServices.framework/Versions/A/Frameworks/ATS.framework/Versions/A/ATS
0x000000000aeac000 	/System/Library/Frameworks/ApplicationServices.framework/Versions/A/Frameworks/ColorSync.framework/Versions/A/ColorSync
0x000000000aeac000 	/System/Library/Frameworks/ApplicationServices.framework/Versions/A/Frameworks/HIServices.framework/Versions/A/HIServices
0x000000000aeac000 	/System/Library/Frameworks/ApplicationServices.framework/Versions/A/Frameworks/LangAnalysis.framework/Versions/A/LangAnalysis
0x000000000aeac000 	/System/Library/Frameworks/ApplicationServices.framework/Versions/A/Frameworks/PrintCore.framework/Versions/A/PrintCore
0x000000000aeac000 	/System/Library/Frameworks/ApplicationServices.framework/Versions/A/Frameworks/QD.framework/Versions/A/QD
0x000000000aeac000 	/System/Library/Frameworks/ApplicationServices.framework/Versions/A/Frameworks/SpeechSynthesis.framework/Versions/A/SpeechSynthesis
0x000000000aeac000 	/System/Library/Frameworks/Metal.framework/Versions/A/Metal
0x000000000aeac000 	/System/Library/Frameworks/Accelerate.framework/Versions/A/Frameworks/vImage.framework/Versions/A/vImage
0x000000000aeac000 	/System/Library/Frameworks/Accelerate.framework/Versions/A/Frameworks/vecLib.framework/Versions/A/vecLib
0x000000000aeac000 	/System/Library/Frameworks/Accelerate.framework/Versions/A/Frameworks/vecLib.framework/Versions/A/libvDSP.dylib
0x000000000aeac000 	/System/Library/Frameworks/Accelerate.framework/Versions/A/Frameworks/vecLib.framework/Versions/A/libvMisc.dylib
0x000000000aeac000 	/System/Library/Frameworks/Accelerate.framework/Versions/A/Frameworks/vecLib.framework/Versions/A/libLAPACK.dylib
0x000000000aeac000 	/System/Library/Frameworks/Accelerate.framework/Versions/A/Frameworks/vecLib.framework/Versions/A/libBLAS.dylib
0x000000000aeac000 	/System/Library/Frameworks/Accelerate.framework/Versions/A/Frameworks/vecLib.framework/Versions/A/libLinearAlgebra.dylib
0x000000000aeac000 	/System/Library/Frameworks/Accelerate.framework/Versions/A/Frameworks/vecLib.framework/Versions/A/libSparseBLAS.dylib
0x000000000aeac000 	/System/Library/PrivateFrameworks/GPUCompiler.framework/libmetal_timestamp.dylib
0x000000000aeac000 	/System/Library/Frameworks/OpenGL.framework/Versions/A/Libraries/libCoreFSCache.dylib
0x000000000aeac000 	/System/Library/PrivateFrameworks/IOAccelerator.framework/Versions/A/IOAccelerator
0x000000000aeac000 	/System/Library/Frameworks/ApplicationServices.framework/Versions/A/Frameworks/ATS.framework/Versions/A/Resources/libFontParser.dylib
0x000000000aeac000 	/System/Library/Frameworks/ApplicationServices.framework/Versions/A/Frameworks/ATS.framework/Versions/A/Resources/libFontRegistry.dylib
0x000000000aeac000 	/System/Library/PrivateFrameworks/AppleVPA.framework/Versions/A/AppleVPA
0x000000000aeac000 	/System/Library/PrivateFrameworks/AppleJPEG.framework/Versions/A/AppleJPEG
0x000000000aeac000 	/System/Library/Frameworks/ImageIO.framework/Versions/A/Resources/libJPEG.dylib
0x000000000aeac000 	/System/Library/Frameworks/ImageIO.framework/Versions/A/Resources/libTIFF.dylib
0x000000000aeac000 	/System/Library/Frameworks/ImageIO.framework/Versions/A/Resources/libPng.dylib
0x000000000aeac000 	/System/Library/Frameworks/ImageIO.framework/Versions/A/Resources/libGIF.dylib
0x000000000aeac000 	/System/Library/Frameworks/ImageIO.framework/Versions/A/Resources/libJP2.dylib
0x000000000aeac000 	/System/Library/Frameworks/ImageIO.framework/Versions/A/Resources/libRadiance.dylib
0x000000000aeac000 	/System/Library/Frameworks/CoreVideo.framework/Versions/A/CoreVideo
0x000000000aeac000 	/System/Library/Frameworks/OpenGL.framework/Versions/A/Libraries/libGLU.dylib
0x000000000aeac000 	/System/Library/Frameworks/OpenGL.framework/Versions/A/Libraries/libGFXShared.dylib
0x000000000aeac000 	/System/Library/Frameworks/OpenGL.framework/Versions/A/Libraries/libGL.dylib
0x000000000aeac000 	/System/Library/Frameworks/OpenGL.framework/Versions/A/Libraries/libGLImage.dylib
0x000000000aeac000 	/System/Library/Frameworks/OpenGL.framework/Versions/A/Libraries/libCVMSPluginSupport.dylib
0x000000000aeac000 	/System/Library/Frameworks/OpenGL.framework/Versions/A/Libraries/libCoreVMClient.dylib
0x000000000aeac000 	/usr/lib/libcups.2.dylib
0x000000000aeac000 	/System/Library/Frameworks/Kerberos.framework/Versions/A/Kerberos
0x000000000aeac000 	/System/Library/Frameworks/GSS.framework/Versions/A/GSS
0x000000000aeac000 	/usr/lib/libresolv.9.dylib
0x000000000aeac000 	/usr/lib/libiconv.2.dylib
0x000000000aeac000 	/System/Library/PrivateFrameworks/Heimdal.framework/Versions/A/Heimdal
0x000000000aeac000 	/usr/lib/libheimdal-asn1.dylib
0x000000000aeac000 	/System/Library/Frameworks/OpenDirectory.framework/Versions/A/OpenDirectory
0x000000000aeac000 	/System/Library/PrivateFrameworks/CommonAuth.framework/Versions/A/CommonAuth
0x000000000aeac000 	/System/Library/Frameworks/OpenDirectory.framework/Versions/A/Frameworks/CFOpenDirectory.framework/Versions/A/CFOpenDirectory
0x000000000aeac000 	/System/Library/Frameworks/SecurityFoundation.framework/Versions/A/SecurityFoundation
0x000000000aeac000 	/System/Library/PrivateFrameworks/LanguageModeling.framework/Versions/A/LanguageModeling
0x000000000aeac000 	/usr/lib/libmarisa.dylib
0x000000000aeac000 	/usr/lib/libChineseTokenizer.dylib
0x000000000aeac000 	/usr/lib/libcmph.dylib
0x000000000aeac000 	/usr/lib/libcompression.dylib
0x000000000aeac000 	/System/Library/Frameworks/ServiceManagement.framework/Versions/A/ServiceManagement
0x000000000aeac000 	/usr/lib/libxslt.1.dylib
0x000000000aeac000 	/System/Library/Frameworks/Carbon.framework/Versions/A/Frameworks/Ink.framework/Versions/A/Ink
0x000000000aeac000 	/usr/lib/libFosl_dynamic.dylib
0x000000000aeac000 	/System/Library/PrivateFrameworks/FaceCore.framework/Versions/A/FaceCore
0x000000000aeac000 	/System/Library/Frameworks/OpenCL.framework/Versions/A/OpenCL
0x000000000aeac000 	/System/Library/PrivateFrameworks/CrashReporterSupport.framework/Versions/A/CrashReporterSupport
0x000000000aeac000 	/System/Library/PrivateFrameworks/IconServices.framework/Versions/A/IconServices
0x000000000aeac000 	/System/Library/PrivateFrameworks/Apple80211.framework/Versions/A/Apple80211
0x000000000aeac000 	/System/Library/Frameworks/CoreWLAN.framework/Versions/A/CoreWLAN
0x000000000aeac000 	/System/Library/Frameworks/IOBluetooth.framework/Versions/A/IOBluetooth
0x000000000aeac000 	/System/Library/PrivateFrameworks/CoreWiFi.framework/Versions/A/CoreWiFi
0x000000000aeac000 	/System/Library/Frameworks/CoreBluetooth.framework/Versions/A/CoreBluetooth
0x000000000aeac000 	/System/Library/PrivateFrameworks/ChunkingLibrary.framework/Versions/A/ChunkingLibrary
0x000000000aeac000 	/System/Library/PrivateFrameworks/DebugSymbols.framework/Versions/A/DebugSymbols
0x000000000aeac000 	/System/Library/PrivateFrameworks/CoreSymbolication.framework/Versions/A/CoreSymbolication
0x000000000aeac000 	/System/Library/PrivateFrameworks/Symbolication.framework/Versions/A/Symbolication
0x000000000aeac000 	/System/Library/PrivateFrameworks/SpeechRecognitionCore.framework/Versions/A/SpeechRecognitionCore
0x0000000106000000 	/Library/Java/JavaVirtualMachines/jdk1.8.0_45.jdk/Contents/Home/jre/lib/server/libjvm.dylib
0x000000000aeac000 	/usr/lib/libstdc++.6.dylib
0x0000000104e64000 	/Library/Java/JavaVirtualMachines/jdk1.8.0_45.jdk/Contents/Home/jre/lib/libverify.dylib
0x0000000104e72000 	/Library/Java/JavaVirtualMachines/jdk1.8.0_45.jdk/Contents/Home/jre/lib/libjava.dylib
0x0000000104ea8000 	/Library/Java/JavaVirtualMachines/jdk1.8.0_45.jdk/Contents/Home/jre/lib/libjdwp.dylib
0x0000000104ef3000 	/Library/Java/JavaVirtualMachines/jdk1.8.0_45.jdk/Contents/Home/jre/lib/libnpt.dylib
0x0000000104f00000 	/Library/Java/JavaVirtualMachines/jdk1.8.0_45.jdk/Contents/Home/jre/lib/libzip.dylib
0x0000000121f2b000 	/System/Library/Frameworks/JavaVM.framework/Frameworks/JavaRuntimeSupport.framework/JavaRuntimeSupport
0x0000000121f46000 	/System/Library/Frameworks/JavaVM.framework/Versions/A/Frameworks/JavaNativeFoundation.framework/Versions/A/JavaNativeFoundation
0x0000000121f5b000 	/System/Library/Frameworks/JavaVM.framework/Versions/A/JavaVM
0x000000000aeac000 	/System/Library/Frameworks/Carbon.framework/Versions/A/Carbon
0x0000000121f68000 	/System/Library/PrivateFrameworks/JavaLaunching.framework/Versions/A/JavaLaunching
0x000000000aeac000 	/System/Library/Frameworks/Carbon.framework/Versions/A/Frameworks/CommonPanels.framework/Versions/A/CommonPanels
0x000000000aeac000 	/System/Library/Frameworks/Carbon.framework/Versions/A/Frameworks/Help.framework/Versions/A/Help
0x000000000aeac000 	/System/Library/Frameworks/Carbon.framework/Versions/A/Frameworks/ImageCapture.framework/Versions/A/ImageCapture
0x000000000aeac000 	/System/Library/Frameworks/Carbon.framework/Versions/A/Frameworks/OpenScripting.framework/Versions/A/OpenScripting
0x000000000aeac000 	/System/Library/Frameworks/Carbon.framework/Versions/A/Frameworks/Print.framework/Versions/A/Print
0x000000000aeac000 	/System/Library/Frameworks/Carbon.framework/Versions/A/Frameworks/SecurityHI.framework/Versions/A/SecurityHI
0x0000000121f74000 	/Library/Java/JavaVirtualMachines/jdk1.8.0_45.jdk/Contents/Home/jre/lib/libdt_socket.dylib
0x0000000123947000 	/Library/Java/JavaVirtualMachines/jdk1.8.0_45.jdk/Contents/Home/jre/lib/libnet.dylib

VM Arguments:
jvm_args: -agentlib:jdwp=transport=dt_socket,suspend=y,address=localhost:60920 -Dfile.encoding=UTF-8 
java_command: org.eclipse.jdt.internal.junit.runner.RemoteTestRunner -version 3 -port 60919 -testLoaderClass org.eclipse.jdt.internal.junit4.runner.JUnit4TestLoader -loaderpluginname org.eclipse.jdt.junit4.runtime -classNames org.moosetechnology.jdt2famix.injava.AMethodWithOneParameterAndReturnTypeThatIsUnboundTest
java_class_path (initial): /Users/girba/Work/Code/moose/jdt2famix/target/test-classes:/Users/girba/Work/Code/moose/jdt2famix/target/classes:/Users/girba/Work/Code/moose/jdt2famix/lib/fame.jar:/Users/girba/.m2/repository/junit/junit/4.11/junit-4.11.jar:/Users/girba/.m2/repository/org/hamcrest/hamcrest-core/1.3/hamcrest-core-1.3.jar:/Users/girba/.m2/repository/org/eclipse/jdt/org.eclipse.jdt.core/3.10.0/org.eclipse.jdt.core-3.10.0.jar:/Users/girba/.m2/repository/org/eclipse/core/org.eclipse.core.resources/3.7.100/org.eclipse.core.resources-3.7.100.jar:/Users/girba/.m2/repository/org/eclipse/core/org.eclipse.core.expressions/3.4.300/org.eclipse.core.expressions-3.4.300.jar:/Users/girba/.m2/repository/org/eclipse/core/org.eclipse.core.runtime/3.7.0/org.eclipse.core.runtime-3.7.0.jar:/Users/girba/.m2/repository/org/eclipse/osgi/org.eclipse.osgi/3.7.1/org.eclipse.osgi-3.7.1.jar:/Users/girba/.m2/repository/org/eclipse/equinox/org.eclipse.equinox.common/3.6.0/org.eclipse.equinox.common-3.6.0.jar:/Users/girba/.m2/repository/org/eclipse/core/org.eclipse.core.jobs/3.5.100/org.eclipse.core.jobs-3.5.100.jar:/Users/girba/.m2/repository/org/eclipse/equinox/org.eclipse.equinox.registry/3.5.101/org.eclipse.equinox.registry-3.5.101.jar:/Users/girba/.m2/repository/org/eclipse/equinox/org.eclipse.equinox.preferences/3.4.1/org.eclipse.equinox.preferences-3.4.1.jar:/Users/girba/.m2/repository/org/eclipse/core/org.eclipse.core.contenttype/3.4.100/org.eclipse.core.contenttype-3.4.100.jar:/Users/girba/.m2/repository/org/eclipse/equinox/org.eclipse.equinox.app/1.3.100/org.eclipse.equinox.app-1.3.100.jar:/Users/girba/.m2/repository/org/eclipse/core/org.eclipse.core.filesystem/1.3.100/org.eclipse.core.filesystem-1.3.100.jar:/Users/girba/.m2/repository/org/eclipse/text/org.eclipse.text/3.5.101/org.eclipse.text-3.5.101.jar:/Users/girba/.m2/repository/org/eclipse/core/org.eclipse.core.commands/3.6.0/org.eclipse.core.commands-3.6.0.jar:/Users/girba/Work/Code/moose/jdt2famix/lib/JNIPort30.jar:/Ap
Launcher Type: SUN_STANDARD

Environment Variables:
PATH=/usr/bin:/bin:/usr/sbin:/sbin
SHELL=/bin/bash
DISPLAY=/private/tmp/com.apple.launchd.vMPOfkaB4z/org.macosforge.xquartz:0

Signal Handlers:
SIGSEGV: [libjvm.dylib+0x58ef95], sa_mask[0]=11111111011111110111111111111111, sa_flags=SA_ONSTACK|SA_RESTART|SA_SIGINFO
SIGBUS: [libjvm.dylib+0x58ef95], sa_mask[0]=11111111011111110111111111111111, sa_flags=SA_RESTART|SA_SIGINFO
SIGFPE: [libjvm.dylib+0x46c108], sa_mask[0]=11111111011111110111111111111111, sa_flags=SA_RESTART|SA_SIGINFO
SIGPIPE: [libjvm.dylib+0x46c108], sa_mask[0]=11111111011111110111111111111111, sa_flags=SA_RESTART|SA_SIGINFO
SIGXFSZ: [libjvm.dylib+0x46c108], sa_mask[0]=11111111011111110111111111111111, sa_flags=SA_RESTART|SA_SIGINFO
SIGILL: [libjvm.dylib+0x46c108], sa_mask[0]=11111111011111110111111111111111, sa_flags=SA_RESTART|SA_SIGINFO
SIGUSR1: SIG_DFL, sa_mask[0]=00000000000000000000000000000000, sa_flags=none
SIGUSR2: [libjvm.dylib+0x46bc26], sa_mask[0]=00100000000000000000000000000000, sa_flags=SA_RESTART|SA_SIGINFO
SIGHUP: [libjvm.dylib+0x46a1f9], sa_mask[0]=11111111011111110111111111111111, sa_flags=SA_RESTART|SA_SIGINFO
SIGINT: [libjvm.dylib+0x46a1f9], sa_mask[0]=11111111011111110111111111111111, sa_flags=SA_RESTART|SA_SIGINFO
SIGTERM: [libjvm.dylib+0x46a1f9], sa_mask[0]=11111111011111110111111111111111, sa_flags=SA_RESTART|SA_SIGINFO
SIGQUIT: [libjvm.dylib+0x46a1f9], sa_mask[0]=11111111011111110111111111111111, sa_flags=SA_RESTART|SA_SIGINFO


---------------  S Y S T E M  ---------------

OS:Bsduname:Darwin 15.3.0 Darwin Kernel Version 15.3.0: Thu Dec 10 18:40:58 PST 2015; root:xnu-3248.30.4~1/RELEASE_X86_64 x86_64
rlimit: STACK 8192k, CORE 0k, NPROC 709, NOFILE 10240, AS infinity
load average:1.96 1.61 1.35

CPU:total 8 (4 cores per cpu, 2 threads per core) family 6 model 58 stepping 9, cmov, cx8, fxsr, mmx, sse, sse2, sse3, ssse3, sse4.1, sse4.2, popcnt, avx, aes, clmul, erms, ht, tsc, tscinvbit, tscinv

Memory: 4k page, physical 16777216k(3685084k free)

/proc/meminfo:


vm_info: Java HotSpot(TM) 64-Bit Server VM (25.45-b02) for bsd-amd64 JRE (1.8.0_45-b14), built on Apr 10 2015 10:46:38 by "java_re" with gcc 4.2.1 (Based on Apple Inc. build 5658) (LLVM build 2336.11.00)

time: Sun Jul 10 00:42:08 2016
elapsed time: 76 seconds (0d 0h 1m 16s)

